<?xml version="1.0" encoding="UTF-8"?>
<testng-results ignored="0" total="1" passed="1" failed="0" skipped="0">
  <reporter-output>
  </reporter-output>
  <suite started-at="2024-01-30T16:23:19 IST" name="Default suite" finished-at="2024-01-30T16:23:27 IST" duration-ms="8112">
    <groups>
    </groups>
    <test started-at="2024-01-30T16:23:19 IST" name="Default test" finished-at="2024-01-30T16:23:27 IST" duration-ms="8112">
      <class name="com.automation.testcases.LoginTestHrm">
        <test-method is-config="true" signature="setupSuite()[pri:0, instance:com.automation.testcases.LoginTestHrm@35841320]" started-at="2024-01-30T16:23:18 IST" name="setupSuite" finished-at="2024-01-30T16:23:19 IST" duration-ms="488" status="PASS">
          <reporter-output>
          </reporter-output>
        </test-method> <!-- setupSuite -->
        <test-method is-config="true" signature="setup()[pri:0, instance:com.automation.testcases.LoginTestHrm@35841320]" started-at="2024-01-30T16:23:19 IST" name="setup" finished-at="2024-01-30T16:23:24 IST" duration-ms="5559" status="PASS">
          <reporter-output>
          </reporter-output>
        </test-method> <!-- setup -->
        <test-method signature="loginApp()[pri:0, instance:com.automation.testcases.LoginTestHrm@35841320]" started-at="2024-01-30T16:23:24 IST" name="loginApp" finished-at="2024-01-30T16:23:26 IST" duration-ms="1778" status="PASS">
          <reporter-output>
          </reporter-output>
        </test-method> <!-- loginApp -->
        <test-method is-config="true" signature="teardown(org.testng.ITestResult)[pri:0, instance:com.automation.testcases.LoginTestHrm@35841320]" started-at="2024-01-30T16:23:26 IST" name="teardown" finished-at="2024-01-30T16:23:27 IST" duration-ms="622" status="PASS">
          <params>
            <param index="0">
              <value>
                <![CDATA[[TestResult name=loginApp status=SUCCESS method=LoginTestHrm.loginApp()[pri:0, instance:com.automation.testcases.LoginTestHrm@35841320] output={null}]]]>
              </value>
            </param>
          </params>
          <reporter-output>
          </reporter-output>
        </test-method> <!-- teardown -->
        <test-method is-config="true" signature="teardown()[pri:0, instance:com.automation.testcases.LoginTestHrm@35841320]" started-at="2024-01-30T16:23:27 IST" name="teardown" finished-at="2024-01-30T16:23:27 IST" duration-ms="126" status="PASS">
          <reporter-output>
          </reporter-output>
        </test-method> <!-- teardown -->
      </class> <!-- com.automation.testcases.LoginTestHrm -->
    </test> <!-- Default test -->
  </suite> <!-- Default suite -->
</testng-results>
